<div id="5f05d043-eb8f-492c-9f41-241aae5cff0c" class="story">
<h1></h1>
<div class="path">test/practice/stories/JBehave.story</div>
<div class="beforeSystemStorySteps">
</div>
<div class="beforeUserStorySteps">
</div>
<div id="13fedf36-6d28-4991-827a-764a86f01456" class="scenario">
<h2>Scenario: I have the Google home page in a Chrome browser and search for &quot;JBehave&quot;</h2>
<div class="beforeSystemScenarioSteps">
</div>
<div class="beforeUserScenarioSteps">
</div>
<div class="steps">
<div class="step failed">Given A <span class="step parameter">Chrome browser</span> with the Google home page <span class="keyword failed">(FAILED)</span><br/><span class="message failed">org.openqa.selenium.NoSuchElementException: no such element: Unable to locate element: {&quot;method&quot;:&quot;css selector&quot;,&quot;selector&quot;:&quot;*[name='q']&quot;}
  (Session info: chrome=114.0.5735.90)
For documentation on this error, please visit: https://selenium.dev/exceptions/#no_such_element
Build info: version: '4.9.1', revision: 'eb2032df7f'
System info: os.name: 'Mac OS X', os.arch: 'x86_64', os.version: '13.4', java.version: '20.0.1'
Driver info: org.openqa.selenium.chrome.ChromeDriver
Command: [02c07fb0ed3c9947f3c54cf229a4ce6c, findElement {using=name, value=q}]
Capabilities {acceptInsecureCerts: false, browserName: chrome, browserVersion: 114.0.5735.90, chrome: {chromedriverVersion: 114.0.5735.90 (386bc09e8f4f..., userDataDir: /var/folders/tg/_zsl4_n574z...}, goog:chromeOptions: {debuggerAddress: localhost:64852}, networkConnectionEnabled: false, pageLoadStrategy: normal, platformName: mac, proxy: Proxy(), se:cdp: ws://localhost:64852/devtoo..., se:cdpVersion: 114.0.5735.90, setWindowRect: true, strictFileInteractability: false, timeouts: {implicit: 0, pageLoad: 300000, script: 30000}, unhandledPromptBehavior: dismiss and notify, webauthn:extension:credBlob: true, webauthn:extension:largeBlob: true, webauthn:extension:minPinLength: true, webauthn:extension:prf: true, webauthn:virtualAuthenticators: true}
Session ID: 02c07fb0ed3c9947f3c54cf229a4ce6c</span></div>
<div class="step notPerformed">And I search for <span class="step parameter">&quot;JBehave&quot;</span> <span class="keyword notPerformed">(NOT PERFORMED)</span></div>
<div class="step notPerformed">When A response includes <span class="step parameter">&quot;What is JBehave?&quot;</span> <span class="keyword notPerformed">(NOT PERFORMED)</span></div>
<div class="step pending">Then Status is OK for &quot;What is JBehave?&quot; <span class="keyword pending">(PENDING)</span><pre class="pending"></pre></div>
<div class="step notPerformed">When A response not includes <span class="step parameter">&quot;What is JBehave?&quot;</span> <span class="keyword notPerformed">(NOT PERFORMED)</span></div>
<div class="step pending">Then Status is NOK for &quot;What is JBehave?&quot; <span class="keyword pending">(PENDING)</span><pre class="pending"></pre></div>
</div>
<div class="afterUserScenarioSteps">
</div>
<div class="afterSystemScenarioSteps">
</div>
<h3>start 1685894864160</h3>
<h3>end 1685894868440</h3>
</div>
<div class="afterUserStorySteps">
</div>
<div class="afterSystemStorySteps">
</div>
</div>
